<?xml version="1.0" encoding="UTF-8"?>
<!-- Generated by org.testng.reporters.JUnitReportReporter -->
<testsuite hostname="DESKTOP-CL30DRC" failures="0" tests="1" name="com.nopCommerceV2.testCases.TC_AddCustomerTest_003" time="21.058" errors="0" timestamp="2022-10-20T15:09:46 IST" skipped="0">
  <testcase classname="com.nopCommerceV2.testCases.TC_AddCustomerTest_003" name="addNewCustomer" time="21.058"/>
  <system-out/>
</testsuite> <!-- com.nopCommerceV2.testCases.TC_AddCustomerTest_003 -->
