<?xml version="1.0" encoding="UTF-8"?>
<!-- Generated by org.testng.reporters.JUnitReportReporter -->
<testsuite hostname="DESKTOP-CL30DRC" failures="0" tests="1" name="com.nopCommerceV2.testCases.TC_SearchCustomerTest_004" time="46.995" errors="0" timestamp="2022-10-20T15:09:46 IST" skipped="0">
  <testcase classname="com.nopCommerceV2.testCases.TC_SearchCustomerTest_004" name="serachByEmail" time="46.995"/>
  <system-out/>
</testsuite> <!-- com.nopCommerceV2.testCases.TC_SearchCustomerTest_004 -->
