<?xml version="1.0" encoding="UTF-8"?>
<!-- Generated by org.testng.reporters.JUnitReportReporter -->
<testsuite hostname="DESKTOP-CL30DRC" failures="0" tests="1" name="com.nopCommerceV2.testCases.TC_LoginDDT_002" time="33.506" errors="0" timestamp="2022-10-20T14:43:59 IST" skipped="0">
  <testcase classname="com.nopCommerceV2.testCases.TC_LoginDDT_002" name="loginTestDDT" time="33.506"/>
  <system-out/>
</testsuite> <!-- com.nopCommerceV2.testCases.TC_LoginDDT_002 -->
